<?xml version="1.0" encoding="UTF-8"?>
<!-- Generated by org.testng.reporters.JUnitXMLReporter -->
<testsuite ignored="0" hostname="Sagar" failures="0" tests="3" name="Default test" time="65.457" errors="0" timestamp="2023-10-29T21:06:59 IST">
  <testcase classname="testCases.LoginPageTest" name="verifyURLOfApplicationTest" time="0.613"/>
  <testcase classname="testCases.LoginPageTest" name="verifyTitleOfApplicationTest" time="0.045"/>
  <testcase classname="testCases.LoginPageTest" name="LoginToApplicationTest" time="0.268"/>
</testsuite> <!-- Default test -->
