<?xml version="1.0" encoding="UTF-8"?>
<!-- Generated by org.testng.reporters.JUnitXMLReporter -->
<testsuite ignored="0" hostname="Sagar" failures="0" tests="11" name="LoginInventTest" time="143.063" errors="0" timestamp="2023-10-29T16:06:15 IST">
  <testcase classname="testCases.LoginPageTest" name="LoginToApplicationTest" time="1.897"/>
  <testcase classname="testCases.LoginPageTest" name="verifyTitleOfApplicationTest" time="0.093"/>
  <testcase classname="testCases.LoginPageTest" name="verifyURLOfApplicationTest" time="0.042"/>
  <testcase classname="testCases.Inventory_Page_Test" name="add6ProductTest" time="0.427"/>
  <testcase classname="testCases.Inventory_Page_Test" name="addToCartTest" time="0.057"/>
  <testcase classname="testCases.Inventory_Page_Test" name="remove2Products" time="3.667"/>
  <testcase classname="testCases.Inventory_Page_Test" name="verifyFacebookLogoTest" time="0.037"/>
  <testcase classname="testCases.Inventory_Page_Test" name="verifyLinkedinLogoTest" time="0.035"/>
  <testcase classname="testCases.Inventory_Page_Test" name="verifyProductLableTest" time="0.056"/>
  <testcase classname="testCases.Inventory_Page_Test" name="verifyTitleTest" time="0.038"/>
  <testcase classname="testCases.Inventory_Page_Test" name="verifyTwitterLogoTest" time="0.034"/>
</testsuite> <!-- LoginInventTest -->
