<?xml version="1.0" encoding="UTF-8"?>
<!-- Generated by org.testng.reporters.JUnitXMLReporter -->
<testsuite ignored="20" hostname="Sagar" failures="0" tests="6" name="Test(failed)" time="39.998" errors="0" timestamp="2023-10-22T19:31:21 IST">
  <testcase classname="testCases.Inventory_Page_Test" name="verifyProductLableTest" time="1.23"/>
  <testcase classname="testCases.CheckoutPage3Test" name="verifytitleOfCheckoutCompleteTest" time="0.054"/>
  <testcase classname="testCases.CheckoutPage1Test" name="verifyURLOfCheckOutPage1Test" time="0.039"/>
  <testcase classname="testCases.CheckoutOverviewTest" name="verifyLabelOfApplicationTest" time="0.04"/>
  <testcase classname="testCases.CartPageTest" name="verifyURLOfApplicationTest" time="0.036"/>
  <testcase classname="testCases.LoginPageTest" name="verifyURLOfApplicationTest" time="0.03"/>
  <testcase classname="testCases.Inventory_Page_Test" name="addToCartTest" time="0.0">
    <ignored/>
  </testcase> <!-- addToCartTest -->
  <testcase classname="testCases.Inventory_Page_Test" name="add6ProductTest" time="0.0">
    <ignored/>
  </testcase> <!-- add6ProductTest -->
  <testcase classname="testCases.Inventory_Page_Test" name="verifyTitleTest" time="0.0">
    <ignored/>
  </testcase> <!-- verifyTitleTest -->
  <testcase classname="testCases.Inventory_Page_Test" name="verifyLinkedinLogoTest" time="0.0">
    <ignored/>
  </testcase> <!-- verifyLinkedinLogoTest -->
  <testcase classname="testCases.CheckoutOverviewTest" name="verifycancelBtnTest" time="0.0">
    <ignored/>
  </testcase> <!-- verifycancelBtnTest -->
  <testcase classname="testCases.CheckoutOverviewTest" name="verifypriceTotalLabelTest" time="0.0">
    <ignored/>
  </testcase> <!-- verifypriceTotalLabelTest -->
  <testcase classname="testCases.Inventory_Page_Test" name="verifyTwitterLogoTest" time="0.0">
    <ignored/>
  </testcase> <!-- verifyTwitterLogoTest -->
  <testcase classname="testCases.CheckoutOverviewTest" name="verifyshoppingInfoLabelTest" time="0.0">
    <ignored/>
  </testcase> <!-- verifyshoppingInfoLabelTest -->
  <testcase classname="testCases.Inventory_Page_Test" name="verifyFacebookLogoTest" time="0.0">
    <ignored/>
  </testcase> <!-- verifyFacebookLogoTest -->
  <testcase classname="testCases.CheckoutPage1Test" name="inputInfoTest" time="0.0">
    <ignored/>
  </testcase> <!-- inputInfoTest -->
  <testcase classname="testCases.CheckoutOverviewTest" name="verifyfinishBtnTest" time="0.0">
    <ignored/>
  </testcase> <!-- verifyfinishBtnTest -->
  <testcase classname="testCases.CartPageTest" name="VerifyverifyTitleCartPageTest" time="0.0">
    <ignored/>
  </testcase> <!-- VerifyverifyTitleCartPageTest -->
  <testcase classname="testCases.LoginPageTest" name="LoginToApplicationTest" time="0.0">
    <ignored/>
  </testcase> <!-- LoginToApplicationTest -->
  <testcase classname="testCases.Inventory_Page_Test" name="remove2Products" time="0.0">
    <ignored/>
  </testcase> <!-- remove2Products -->
  <testcase classname="testCases.CheckoutPage3Test" name="verifyyourOrderTxtTest" time="0.0">
    <ignored/>
  </testcase> <!-- verifyyourOrderTxtTest -->
  <testcase classname="testCases.CheckoutPage3Test" name="verifybackHomeBtnTest" time="0.0">
    <ignored/>
  </testcase> <!-- verifybackHomeBtnTest -->
  <testcase classname="testCases.CheckoutPage3Test" name="verifyimageTest" time="0.0">
    <ignored/>
  </testcase> <!-- verifyimageTest -->
  <testcase classname="testCases.LoginPageTest" name="verifyTitleOfApplicationTest" time="0.0">
    <ignored/>
  </testcase> <!-- verifyTitleOfApplicationTest -->
  <testcase classname="testCases.CheckoutPage3Test" name="verifythankYouTxtTest" time="0.0">
    <ignored/>
  </testcase> <!-- verifythankYouTxtTest -->
  <testcase classname="testCases.CheckoutOverviewTest" name="verifypaymentInfoLabelTest" time="0.0">
    <ignored/>
  </testcase> <!-- verifypaymentInfoLabelTest -->
</testsuite> <!-- Test(failed) -->
