<?xml version="1.0" encoding="UTF-8"?>
<testng-results ignored="0" total="3" passed="3" failed="0" skipped="0">
  <reporter-output>
  </reporter-output>
  <suite started-at="2023-10-29T21:05:54 IST" name="Default suite" finished-at="2023-10-29T21:06:59 IST" duration-ms="65457">
    <groups>
    </groups>
    <test started-at="2023-10-29T21:05:54 IST" name="Default test" finished-at="2023-10-29T21:06:59 IST" duration-ms="65457">
      <class name="testCases.LoginPageTest">
        <test-method is-config="true" signature="setUp()[pri:0, instance:testCases.LoginPageTest@1f81aa00]" started-at="2023-10-29T21:05:54 IST" name="setUp" finished-at="2023-10-29T21:06:44 IST" duration-ms="50456" status="PASS">
          <reporter-output>
          </reporter-output>
        </test-method> <!-- setUp -->
        <test-method signature="verifyURLOfApplicationTest()[pri:3, instance:testCases.LoginPageTest@1f81aa00]" started-at="2023-10-29T21:06:44 IST" name="verifyURLOfApplicationTest" finished-at="2023-10-29T21:06:45 IST" duration-ms="613" status="PASS">
          <reporter-output>
          </reporter-output>
        </test-method> <!-- verifyURLOfApplicationTest -->
        <test-method is-config="true" signature="closeBrowser(org.testng.ITestResult)[pri:0, instance:testCases.LoginPageTest@1f81aa00]" started-at="2023-10-29T21:06:45 IST" name="closeBrowser" finished-at="2023-10-29T21:06:45 IST" duration-ms="360" status="PASS">
          <params>
            <param index="0">
              <value>
                <![CDATA[[TestResult name=verifyURLOfApplicationTest status=SUCCESS method=LoginPageTest.verifyURLOfApplicationTest()[pri:3, instance:testCases.LoginPageTest@1f81aa00] output={null}]]]>
              </value>
            </param>
          </params>
          <reporter-output>
          </reporter-output>
        </test-method> <!-- closeBrowser -->
        <test-method is-config="true" signature="setUp()[pri:0, instance:testCases.LoginPageTest@1f81aa00]" started-at="2023-10-29T21:06:45 IST" name="setUp" finished-at="2023-10-29T21:06:51 IST" duration-ms="5866" status="PASS">
          <reporter-output>
          </reporter-output>
        </test-method> <!-- setUp -->
        <test-method signature="verifyTitleOfApplicationTest()[pri:1, instance:testCases.LoginPageTest@1f81aa00]" started-at="2023-10-29T21:06:51 IST" name="verifyTitleOfApplicationTest" finished-at="2023-10-29T21:06:51 IST" depends-on-methods="testCases.LoginPageTest.verifyURLOfApplicationTest" duration-ms="45" status="PASS">
          <reporter-output>
          </reporter-output>
        </test-method> <!-- verifyTitleOfApplicationTest -->
        <test-method is-config="true" signature="closeBrowser(org.testng.ITestResult)[pri:0, instance:testCases.LoginPageTest@1f81aa00]" started-at="2023-10-29T21:06:51 IST" name="closeBrowser" finished-at="2023-10-29T21:06:51 IST" duration-ms="356" status="PASS">
          <params>
            <param index="0">
              <value>
                <![CDATA[[TestResult name=verifyTitleOfApplicationTest status=SUCCESS method=LoginPageTest.verifyTitleOfApplicationTest()[pri:1, instance:testCases.LoginPageTest@1f81aa00] output={null}]]]>
              </value>
            </param>
          </params>
          <reporter-output>
          </reporter-output>
        </test-method> <!-- closeBrowser -->
        <test-method is-config="true" signature="setUp()[pri:0, instance:testCases.LoginPageTest@1f81aa00]" started-at="2023-10-29T21:06:51 IST" name="setUp" finished-at="2023-10-29T21:06:58 IST" duration-ms="6850" status="PASS">
          <reporter-output>
          </reporter-output>
        </test-method> <!-- setUp -->
        <test-method signature="LoginToApplicationTest()[pri:2, instance:testCases.LoginPageTest@1f81aa00]" started-at="2023-10-29T21:06:58 IST" name="LoginToApplicationTest" finished-at="2023-10-29T21:06:59 IST" depends-on-methods="testCases.LoginPageTest.verifyURLOfApplicationTest" duration-ms="268" status="PASS">
          <reporter-output>
          </reporter-output>
        </test-method> <!-- LoginToApplicationTest -->
        <test-method is-config="true" signature="closeBrowser(org.testng.ITestResult)[pri:0, instance:testCases.LoginPageTest@1f81aa00]" started-at="2023-10-29T21:06:59 IST" name="closeBrowser" finished-at="2023-10-29T21:06:59 IST" duration-ms="591" status="PASS">
          <params>
            <param index="0">
              <value>
                <![CDATA[[TestResult name=LoginToApplicationTest status=SUCCESS method=LoginPageTest.LoginToApplicationTest()[pri:2, instance:testCases.LoginPageTest@1f81aa00] output={null}]]]>
              </value>
            </param>
          </params>
          <reporter-output>
          </reporter-output>
        </test-method> <!-- closeBrowser -->
      </class> <!-- testCases.LoginPageTest -->
    </test> <!-- Default test -->
  </suite> <!-- Default suite -->
</testng-results>
